<?xml version="1.0" encoding="UTF-8"?>
<!-- Generated by org.testng.reporters.JUnitReportReporter -->
<testsuite skipped="0" hostname="DESKTOP-U6CGOS3" name="com.suite1.TestCases.TC01_TestCase" tests="1" failures="0" timestamp="20 Jan 2021 13:50:55 GMT" time="290.548" errors="0">
  <testcase name="SearchPlansTestCase" time="290.548" classname="com.suite1.TestCases.TC01_TestCase"/>
</testsuite> <!-- com.suite1.TestCases.TC01_TestCase -->
